0 info it worked if it ends with ok
1 verbose cli [ 'node',
1 verbose cli   '/home/morningstar/.nvm/versions/v0.12.0/bin/npm',
1 verbose cli   'start' ]
2 info using npm@2.6.0
3 info using node@v0.12.0
4 verbose stack Error: missing script: start
4 verbose stack     at run (/home/morningstar/.nvm/versions/v0.12.0/lib/node_modules/npm/lib/run-script.js:138:19)
4 verbose stack     at /home/morningstar/.nvm/versions/v0.12.0/lib/node_modules/npm/lib/run-script.js:81:5
4 verbose stack     at /home/morningstar/.nvm/versions/v0.12.0/lib/node_modules/npm/node_modules/read-package-json/read-json.js:51:40
4 verbose stack     at /home/morningstar/.nvm/versions/v0.12.0/lib/node_modules/npm/node_modules/read-package-json/read-json.js:375:33
4 verbose stack     at checkBinReferences_ (/home/morningstar/.nvm/versions/v0.12.0/lib/node_modules/npm/node_modules/read-package-json/read-json.js:340:59)
4 verbose stack     at final (/home/morningstar/.nvm/versions/v0.12.0/lib/node_modules/npm/node_modules/read-package-json/read-json.js:372:17)
4 verbose stack     at then (/home/morningstar/.nvm/versions/v0.12.0/lib/node_modules/npm/node_modules/read-package-json/read-json.js:126:33)
4 verbose stack     at /home/morningstar/.nvm/versions/v0.12.0/lib/node_modules/npm/node_modules/read-package-json/read-json.js:331:40
4 verbose stack     at evalmachine.<anonymous>:336:14
4 verbose stack     at /home/morningstar/.nvm/versions/v0.12.0/lib/node_modules/npm/node_modules/graceful-fs/graceful-fs.js:102:5
5 verbose cwd /var/www/timer.com/src
6 error Linux 3.18.5-x86_64-linode52
7 error argv "node" "/home/morningstar/.nvm/versions/v0.12.0/bin/npm" "start"
8 error node v0.12.0
9 error npm  v2.6.0
10 error missing script: start
11 error If you need help, you may report this error at:
11 error     <http://github.com/npm/npm/issues>
12 verbose exit [ 1, true ]
